# JRE version: Java(TM) SE Runtime Environment (8.0_211-b12) (build 1.8.0_211-b12)
# Java VM: Java HotSpot(TM) 64-Bit Server VM (25.211-b12 mixed mode windows-amd64 compressed oops)
Heap:
 PSYoungGen      total 223232K, used 205678K [0x00000000eb100000, 0x00000000fb900000, 0x0000000100000000)
  eden space 219648K, 92% used [0x00000000eb100000,0x00000000f7699d00,0x00000000f8780000)
  from space 3584K, 93% used [0x00000000fb580000,0x00000000fb8c1db8,0x00000000fb900000)
  to   space 4608K, 0% used [0x00000000fb000000,0x00000000fb000000,0x00000000fb480000)
 ParOldGen       total 27648K, used 5649K [0x00000000c1200000, 0x00000000c2d00000, 0x00000000eb100000)
  object space 27648K, 20% used [0x00000000c1200000,0x00000000c17844c8,0x00000000c2d00000)
 Metaspace       used 31037K, capacity 32294K, committed 32512K, reserved 1077248K
  class space    used 3964K, capacity 4246K, committed 4352K, reserved 1048576K
GC Heap History (10 events):
Event: 5.780 GC heap before
{Heap before GC invocations=5 (full 0):
 PSYoungGen      total 68096K, used 68064K [0x00000000eb100000, 0x00000000ef600000, 0x0000000100000000)
  eden space 65536K, 100% used [0x00000000eb100000,0x00000000ef100000,0x00000000ef100000)
  from space 2560K, 98% used [0x00000000ef380000,0x00000000ef5f8020,0x00000000ef600000)
  to   space 2560K, 0% used [0x00000000ef100000,0x00000000ef100000,0x00000000ef380000)
 ParOldGen       total 44032K, used 256K [0x00000000c1200000, 0x00000000c3d00000, 0x00000000eb100000)
  object space 44032K, 0% used [0x00000000c1200000,0x00000000c1240000,0x00000000c3d00000)
 Metaspace       used 12798K, capacity 13300K, committed 13568K, reserved 1060864K
  class space    used 1620K, capacity 1763K, committed 1792K, reserved 1048576K
Event: 5.860 GC heap after
Heap after GC invocations=5 (full 0):
 PSYoungGen      total 68096K, used 2544K [0x00000000eb100000, 0x00000000f3900000, 0x0000000100000000)
  eden space 65536K, 0% used [0x00000000eb100000,0x00000000eb100000,0x00000000ef100000)
  from space 2560K, 99% used [0x00000000ef100000,0x00000000ef37c010,0x00000000ef380000)
  to   space 4096K, 0% used [0x00000000f3500000,0x00000000f3500000,0x00000000f3900000)
 ParOldGen       total 44032K, used 1100K [0x00000000c1200000, 0x00000000c3d00000, 0x00000000eb100000)
  object space 44032K, 2% used [0x00000000c1200000,0x00000000c1313010,0x00000000c3d00000)
 Metaspace       used 12798K, capacity 13300K, committed 13568K, reserved 1060864K
  class space    used 1620K, capacity 1763K, committed 1792K, reserved 1048576K
}
Event: 9.945 GC heap before
{Heap before GC invocations=6 (full 0):
 PSYoungGen      total 68096K, used 68080K [0x00000000eb100000, 0x00000000f3900000, 0x0000000100000000)
  eden space 65536K, 100% used [0x00000000eb100000,0x00000000ef100000,0x00000000ef100000)
  from space 2560K, 99% used [0x00000000ef100000,0x00000000ef37c010,0x00000000ef380000)
  to   space 4096K, 0% used [0x00000000f3500000,0x00000000f3500000,0x00000000f3900000)
 ParOldGen       total 44032K, used 1100K [0x00000000c1200000, 0x00000000c3d00000, 0x00000000eb100000)
  object space 44032K, 2% used [0x00000000c1200000,0x00000000c1313010,0x00000000c3d00000)
 Metaspace       used 15322K, capacity 15928K, committed 16000K, reserved 1062912K
  class space    used 1985K, capacity 2139K, committed 2176K, reserved 1048576K
Event: 9.956 GC heap after
Heap after GC invocations=6 (full 0):
 PSYoungGen      total 135168K, used 3312K [0x00000000eb100000, 0x00000000f3900000, 0x0000000100000000)
  eden space 131072K, 0% used [0x00000000eb100000,0x00000000eb100000,0x00000000f3100000)
  from space 4096K, 80% used [0x00000000f3500000,0x00000000f383c010,0x00000000f3900000)
  to   space 4096K, 0% used [0x00000000f3100000,0x00000000f3100000,0x00000000f3500000)
 ParOldGen       total 44032K, used 1108K [0x00000000c1200000, 0x00000000c3d00000, 0x00000000eb100000)
  object space 44032K, 2% used [0x00000000c1200000,0x00000000c1315010,0x00000000c3d00000)
 Metaspace       used 15322K, capacity 15928K, committed 16000K, reserved 1062912K
  class space    used 1985K, capacity 2139K, committed 2176K, reserved 1048576K
}
Event: 13.710 GC heap before
{Heap before GC invocations=7 (full 0):
 PSYoungGen      total 135168K, used 89586K [0x00000000eb100000, 0x00000000f3900000, 0x0000000100000000)
  eden space 131072K, 65% used [0x00000000eb100000,0x00000000f0540ab0,0x00000000f3100000)
  from space 4096K, 80% used [0x00000000f3500000,0x00000000f383c010,0x00000000f3900000)
  to   space 4096K, 0% used [0x00000000f3100000,0x00000000f3100000,0x00000000f3500000)
 ParOldGen       total 44032K, used 1108K [0x00000000c1200000, 0x00000000c3d00000, 0x00000000eb100000)
  object space 44032K, 2% used [0x00000000c1200000,0x00000000c1315010,0x00000000c3d00000)
 Metaspace       used 20585K, capacity 21192K, committed 21248K, reserved 1067008K
  class space    used 2634K, capacity 2801K, committed 2816K, reserved 1048576K
Event: 13.720 GC heap after
Heap after GC invocations=7 (full 0):
 PSYoungGen      total 135168K, used 3920K [0x00000000eb100000, 0x00000000fba00000, 0x0000000100000000)
  eden space 131072K, 0% used [0x00000000eb100000,0x00000000eb100000,0x00000000f3100000)
  from space 4096K, 95% used [0x00000000f3100000,0x00000000f34d4010,0x00000000f3500000)
  to   space 4608K, 0% used [0x00000000fb580000,0x00000000fb580000,0x00000000fba00000)
 ParOldGen       total 44032K, used 2035K [0x00000000c1200000, 0x00000000c3d00000, 0x00000000eb100000)
  object space 44032K, 4% used [0x00000000c1200000,0x00000000c13fcda8,0x00000000c3d00000)
 Metaspace       used 20585K, capacity 21192K, committed 21248K, reserved 1067008K
  class space    used 2634K, capacity 2801K, committed 2816K, reserved 1048576K
}
Event: 13.720 GC heap before
{Heap before GC invocations=8 (full 1):
 PSYoungGen      total 135168K, used 3920K [0x00000000eb100000, 0x00000000fba00000, 0x0000000100000000)
  eden space 131072K, 0% used [0x00000000eb100000,0x00000000eb100000,0x00000000f3100000)
  from space 4096K, 95% used [0x00000000f3100000,0x00000000f34d4010,0x00000000f3500000)
  to   space 4608K, 0% used [0x00000000fb580000,0x00000000fb580000,0x00000000fba00000)
 ParOldGen       total 44032K, used 2035K [0x00000000c1200000, 0x00000000c3d00000, 0x00000000eb100000)
  object space 44032K, 4% used [0x00000000c1200000,0x00000000c13fcda8,0x00000000c3d00000)
 Metaspace       used 20585K, capacity 21192K, committed 21248K, reserved 1067008K
  class space    used 2634K, capacity 2801K, committed 2816K, reserved 1048576K
Event: 13.819 GC heap after
Heap after GC invocations=8 (full 1):
 PSYoungGen      total 135168K, used 0K [0x00000000eb100000, 0x00000000fba00000, 0x0000000100000000)
  eden space 131072K, 0% used [0x00000000eb100000,0x00000000eb100000,0x00000000f3100000)
  from space 4096K, 0% used [0x00000000f3100000,0x00000000f3100000,0x00000000f3500000)
  to   space 4608K, 0% used [0x00000000fb580000,0x00000000fb580000,0x00000000fba00000)
 ParOldGen       total 27648K, used 5577K [0x00000000c1200000, 0x00000000c2d00000, 0x00000000eb100000)
  object space 27648K, 20% used [0x00000000c1200000,0x00000000c17724b8,0x00000000c2d00000)
 Metaspace       used 20585K, capacity 21192K, committed 21248K, reserved 1067008K
  class space    used 2634K, capacity 2801K, committed 2816K, reserved 1048576K
}
Event: 20.474 GC heap before
{Heap before GC invocations=9 (full 1):
 PSYoungGen      total 135168K, used 131072K [0x00000000eb100000, 0x00000000fba00000, 0x0000000100000000)
  eden space 131072K, 100% used [0x00000000eb100000,0x00000000f3100000,0x00000000f3100000)
  from space 4096K, 0% used [0x00000000f3100000,0x00000000f3100000,0x00000000f3500000)
  to   space 4608K, 0% used [0x00000000fb580000,0x00000000fb580000,0x00000000fba00000)
 ParOldGen       total 27648K, used 5577K [0x00000000c1200000, 0x00000000c2d00000, 0x00000000eb100000)
  object space 27648K, 20% used [0x00000000c1200000,0x00000000c17724b8,0x00000000c2d00000)
 Metaspace       used 24855K, capacity 25678K, committed 25984K, reserved 1071104K
  class space    used 3172K, capacity 3382K, committed 3456K, reserved 1048576K
Event: 20.485 GC heap after
Heap after GC invocations=9 (full 1):
 PSYoungGen      total 223232K, used 3335K [0x00000000eb100000, 0x00000000fb900000, 0x0000000100000000)
  eden space 219648K, 0% used [0x00000000eb100000,0x00000000eb100000,0x00000000f8780000)
  from space 3584K, 93% used [0x00000000fb580000,0x00000000fb8c1db8,0x00000000fb900000)
  to   space 4608K, 0% used [0x00000000fb000000,0x00000000fb000000,0x00000000fb480000)
 ParOldGen       total 27648K, used 5649K [0x00000000c1200000, 0x00000000c2d00000, 0x00000000eb100000)
  object space 27648K, 20% used [0x00000000c1200000,0x00000000c17844c8,0x00000000c2d00000)
 Metaspace       used 24855K, capacity 25678K, committed 25984K, reserved 1071104K
  class space    used 3172K, capacity 3382K, committed 3456K, reserved 1048576K
}

