# JRE version: Java(TM) SE Runtime Environment (8.0_211-b12) (build 1.8.0_211-b12)
# Java VM: Java HotSpot(TM) 64-Bit Server VM (25.211-b12 mixed mode windows-amd64 compressed oops)
Heap:
 PSYoungGen      total 135168K, used 47890K [0x00000000eb100000, 0x00000000f7c80000, 0x0000000100000000)
  eden space 130048K, 32% used [0x00000000eb100000,0x00000000edaccb98,0x00000000f3000000)
  from space 5120K, 99% used [0x00000000f3000000,0x00000000f34f8030,0x00000000f3500000)
  to   space 6144K, 0% used [0x00000000f7680000,0x00000000f7680000,0x00000000f7c80000)
 ParOldGen       total 25088K, used 6652K [0x00000000c1200000, 0x00000000c2a80000, 0x00000000eb100000)
  object space 25088K, 26% used [0x00000000c1200000,0x00000000c187f080,0x00000000c2a80000)
 Metaspace       used 30993K, capacity 32306K, committed 32512K, reserved 1077248K
  class space    used 3961K, capacity 4246K, committed 4352K, reserved 1048576K
GC Heap History (10 events):
Event: 11.199 GC heap before
{Heap before GC invocations=6 (full 0):
 PSYoungGen      total 68096K, used 68080K [0x00000000eb100000, 0x00000000f3900000, 0x0000000100000000)
  eden space 65536K, 100% used [0x00000000eb100000,0x00000000ef100000,0x00000000ef100000)
  from space 2560K, 99% used [0x00000000ef100000,0x00000000ef37c010,0x00000000ef380000)
  to   space 4096K, 0% used [0x00000000f3500000,0x00000000f3500000,0x00000000f3900000)
 ParOldGen       total 44032K, used 1196K [0x00000000c1200000, 0x00000000c3d00000, 0x00000000eb100000)
  object space 44032K, 2% used [0x00000000c1200000,0x00000000c132b010,0x00000000c3d00000)
 Metaspace       used 16736K, capacity 17298K, committed 17408K, reserved 1064960K
  class space    used 2125K, capacity 2272K, committed 2304K, reserved 1048576K
Event: 11.211 GC heap after
Heap after GC invocations=6 (full 0):
 PSYoungGen      total 134656K, used 3414K [0x00000000eb100000, 0x00000000f3a00000, 0x0000000100000000)
  eden space 130560K, 0% used [0x00000000eb100000,0x00000000eb100000,0x00000000f3080000)
  from space 4096K, 83% used [0x00000000f3500000,0x00000000f3855bf8,0x00000000f3900000)
  to   space 4608K, 0% used [0x00000000f3080000,0x00000000f3080000,0x00000000f3500000)
 ParOldGen       total 44032K, used 1204K [0x00000000c1200000, 0x00000000c3d00000, 0x00000000eb100000)
  object space 44032K, 2% used [0x00000000c1200000,0x00000000c132d010,0x00000000c3d00000)
 Metaspace       used 16736K, capacity 17298K, committed 17408K, reserved 1064960K
  class space    used 2125K, capacity 2272K, committed 2304K, reserved 1048576K
}
Event: 14.886 GC heap before
{Heap before GC invocations=7 (full 0):
 PSYoungGen      total 134656K, used 70545K [0x00000000eb100000, 0x00000000f3a00000, 0x0000000100000000)
  eden space 130560K, 51% used [0x00000000eb100000,0x00000000ef28ea60,0x00000000f3080000)
  from space 4096K, 83% used [0x00000000f3500000,0x00000000f3855bf8,0x00000000f3900000)
  to   space 4608K, 0% used [0x00000000f3080000,0x00000000f3080000,0x00000000f3500000)
 ParOldGen       total 44032K, used 1204K [0x00000000c1200000, 0x00000000c3d00000, 0x00000000eb100000)
  object space 44032K, 2% used [0x00000000c1200000,0x00000000c132d010,0x00000000c3d00000)
 Metaspace       used 20580K, capacity 21202K, committed 21248K, reserved 1067008K
  class space    used 2636K, capacity 2800K, committed 2816K, reserved 1048576K
Event: 14.896 GC heap after
Heap after GC invocations=7 (full 0):
 PSYoungGen      total 135168K, used 3754K [0x00000000eb100000, 0x00000000f3a00000, 0x0000000100000000)
  eden space 130560K, 0% used [0x00000000eb100000,0x00000000eb100000,0x00000000f3080000)
  from space 4608K, 81% used [0x00000000f3080000,0x00000000f342a920,0x00000000f3500000)
  to   space 4096K, 0% used [0x00000000f3500000,0x00000000f3500000,0x00000000f3900000)
 ParOldGen       total 44032K, used 2097K [0x00000000c1200000, 0x00000000c3d00000, 0x00000000eb100000)
  object space 44032K, 4% used [0x00000000c1200000,0x00000000c140c600,0x00000000c3d00000)
 Metaspace       used 20580K, capacity 21202K, committed 21248K, reserved 1067008K
  class space    used 2636K, capacity 2800K, committed 2816K, reserved 1048576K
}
Event: 14.896 GC heap before
{Heap before GC invocations=8 (full 1):
 PSYoungGen      total 135168K, used 3754K [0x00000000eb100000, 0x00000000f3a00000, 0x0000000100000000)
  eden space 130560K, 0% used [0x00000000eb100000,0x00000000eb100000,0x00000000f3080000)
  from space 4608K, 81% used [0x00000000f3080000,0x00000000f342a920,0x00000000f3500000)
  to   space 4096K, 0% used [0x00000000f3500000,0x00000000f3500000,0x00000000f3900000)
 ParOldGen       total 44032K, used 2097K [0x00000000c1200000, 0x00000000c3d00000, 0x00000000eb100000)
  object space 44032K, 4% used [0x00000000c1200000,0x00000000c140c600,0x00000000c3d00000)
 Metaspace       used 20580K, capacity 21202K, committed 21248K, reserved 1067008K
  class space    used 2636K, capacity 2800K, committed 2816K, reserved 1048576K
Event: 14.958 GC heap after
Heap after GC invocations=8 (full 1):
 PSYoungGen      total 135168K, used 0K [0x00000000eb100000, 0x00000000f3a00000, 0x0000000100000000)
  eden space 130560K, 0% used [0x00000000eb100000,0x00000000eb100000,0x00000000f3080000)
  from space 4608K, 0% used [0x00000000f3080000,0x00000000f3080000,0x00000000f3500000)
  to   space 4096K, 0% used [0x00000000f3500000,0x00000000f3500000,0x00000000f3900000)
 ParOldGen       total 25088K, used 5440K [0x00000000c1200000, 0x00000000c2a80000, 0x00000000eb100000)
  object space 25088K, 21% used [0x00000000c1200000,0x00000000c1750050,0x00000000c2a80000)
 Metaspace       used 20580K, capacity 21202K, committed 21248K, reserved 1067008K
  class space    used 2636K, capacity 2800K, committed 2816K, reserved 1048576K
}
Event: 21.182 GC heap before
{Heap before GC invocations=9 (full 1):
 PSYoungGen      total 135168K, used 130560K [0x00000000eb100000, 0x00000000f3a00000, 0x0000000100000000)
  eden space 130560K, 100% used [0x00000000eb100000,0x00000000f3080000,0x00000000f3080000)
  from space 4608K, 0% used [0x00000000f3080000,0x00000000f3080000,0x00000000f3500000)
  to   space 4096K, 0% used [0x00000000f3500000,0x00000000f3500000,0x00000000f3900000)
 ParOldGen       total 25088K, used 5440K [0x00000000c1200000, 0x00000000c2a80000, 0x00000000eb100000)
  object space 25088K, 21% used [0x00000000c1200000,0x00000000c1750050,0x00000000c2a80000)
 Metaspace       used 25417K, capacity 26202K, committed 26240K, reserved 1073152K
  class space    used 3248K, capacity 3446K, committed 3456K, reserved 1048576K
Event: 21.219 GC heap after
Heap after GC invocations=9 (full 1):
 PSYoungGen      total 134144K, used 3472K [0x00000000eb100000, 0x00000000fa980000, 0x0000000100000000)
  eden space 130048K, 0% used [0x00000000eb100000,0x00000000eb100000,0x00000000f3000000)
  from space 4096K, 84% used [0x00000000f3500000,0x00000000f3864040,0x00000000f3900000)
  to   space 5120K, 0% used [0x00000000f3000000,0x00000000f3000000,0x00000000f3500000)
 ParOldGen       total 25088K, used 5512K [0x00000000c1200000, 0x00000000c2a80000, 0x00000000eb100000)
  object space 25088K, 21% used [0x00000000c1200000,0x00000000c1762060,0x00000000c2a80000)
 Metaspace       used 25417K, capacity 26202K, committed 26240K, reserved 1073152K
  class space    used 3248K, capacity 3446K, committed 3456K, reserved 1048576K
}
Event: 26.257 GC heap before
{Heap before GC invocations=10 (full 1):
 PSYoungGen      total 134144K, used 133520K [0x00000000eb100000, 0x00000000fa980000, 0x0000000100000000)
  eden space 130048K, 100% used [0x00000000eb100000,0x00000000f3000000,0x00000000f3000000)
  from space 4096K, 84% used [0x00000000f3500000,0x00000000f3864040,0x00000000f3900000)
  to   space 5120K, 0% used [0x00000000f3000000,0x00000000f3000000,0x00000000f3500000)
 ParOldGen       total 25088K, used 5512K [0x00000000c1200000, 0x00000000c2a80000, 0x00000000eb100000)
  object space 25088K, 21% used [0x00000000c1200000,0x00000000c1762060,0x00000000c2a80000)
 Metaspace       used 28647K, capacity 29920K, committed 30080K, reserved 1075200K
  class space    used 3670K, capacity 3923K, committed 3968K, reserved 1048576K
Event: 26.272 GC heap after
Heap after GC invocations=10 (full 1):
 PSYoungGen      total 135168K, used 5088K [0x00000000eb100000, 0x00000000f7c80000, 0x0000000100000000)
  eden space 130048K, 0% used [0x00000000eb100000,0x00000000eb100000,0x00000000f3000000)
  from space 5120K, 99% used [0x00000000f3000000,0x00000000f34f8030,0x00000000f3500000)
  to   space 6144K, 0% used [0x00000000f7680000,0x00000000f7680000,0x00000000f7c80000)
 ParOldGen       total 25088K, used 6652K [0x00000000c1200000, 0x00000000c2a80000, 0x00000000eb100000)
  object space 25088K, 26% used [0x00000000c1200000,0x00000000c187f080,0x00000000c2a80000)
 Metaspace       used 28647K, capacity 29920K, committed 30080K, reserved 1075200K
  class space    used 3670K, capacity 3923K, committed 3968K, reserved 1048576K
}

