# JRE version: Java(TM) SE Runtime Environment (8.0_211-b12) (build 1.8.0_211-b12)
# Java VM: Java HotSpot(TM) 64-Bit Server VM (25.211-b12 mixed mode windows-amd64 compressed oops)
Heap:
 PSYoungGen      total 130560K, used 20994K [0x00000000eb100000, 0x00000000f3600000, 0x0000000100000000)
  eden space 124928K, 14% used [0x00000000eb100000,0x00000000ec2e8920,0x00000000f2b00000)
  from space 5632K, 47% used [0x00000000f2b00000,0x00000000f2d98000,0x00000000f3080000)
  to   space 4608K, 0% used [0x00000000f3180000,0x00000000f3180000,0x00000000f3600000)
 ParOldGen       total 29184K, used 18002K [0x00000000c1200000, 0x00000000c2e80000, 0x00000000eb100000)
  object space 29184K, 61% used [0x00000000c1200000,0x00000000c2394a98,0x00000000c2e80000)
 Metaspace       used 34234K, capacity 35718K, committed 35964K, reserved 1081344K
  class space    used 4387K, capacity 4662K, committed 4732K, reserved 1048576K
GC Heap History (10 events):
Event: 15.192 GC heap before
{Heap before GC invocations=16 (full 1):
 PSYoungGen      total 79360K, used 77312K [0x00000000eb100000, 0x00000000f0380000, 0x0000000100000000)
  eden space 77312K, 100% used [0x00000000eb100000,0x00000000efc80000,0x00000000efc80000)
  from space 2048K, 0% used [0x00000000f0180000,0x00000000f0180000,0x00000000f0380000)
  to   space 3584K, 0% used [0x00000000efc80000,0x00000000efc80000,0x00000000f0000000)
 ParOldGen       total 29184K, used 5106K [0x00000000c1200000, 0x00000000c2e80000, 0x00000000eb100000)
  object space 29184K, 17% used [0x00000000c1200000,0x00000000c16fc8d8,0x00000000c2e80000)
 Metaspace       used 24441K, capacity 25292K, committed 25340K, reserved 1071104K
  class space    used 3107K, capacity 3317K, committed 3324K, reserved 1048576K
Event: 15.199 GC heap after
Heap after GC invocations=16 (full 1):
 PSYoungGen      total 80896K, used 2848K [0x00000000eb100000, 0x00000000f2000000, 0x0000000100000000)
  eden space 77312K, 0% used [0x00000000eb100000,0x00000000eb100000,0x00000000efc80000)
  from space 3584K, 79% used [0x00000000efc80000,0x00000000eff48030,0x00000000f0000000)
  to   space 4096K, 0% used [0x00000000f1c00000,0x00000000f1c00000,0x00000000f2000000)
 ParOldGen       total 29184K, used 5114K [0x00000000c1200000, 0x00000000c2e80000, 0x00000000eb100000)
  object space 29184K, 17% used [0x00000000c1200000,0x00000000c16fe8d8,0x00000000c2e80000)
 Metaspace       used 24441K, capacity 25292K, committed 25340K, reserved 1071104K
  class space    used 3107K, capacity 3317K, committed 3324K, reserved 1048576K
}
Event: 17.432 GC heap before
{Heap before GC invocations=17 (full 1):
 PSYoungGen      total 80896K, used 80160K [0x00000000eb100000, 0x00000000f2000000, 0x0000000100000000)
  eden space 77312K, 100% used [0x00000000eb100000,0x00000000efc80000,0x00000000efc80000)
  from space 3584K, 79% used [0x00000000efc80000,0x00000000eff48030,0x00000000f0000000)
  to   space 4096K, 0% used [0x00000000f1c00000,0x00000000f1c00000,0x00000000f2000000)
 ParOldGen       total 29184K, used 5114K [0x00000000c1200000, 0x00000000c2e80000, 0x00000000eb100000)
  object space 29184K, 17% used [0x00000000c1200000,0x00000000c16fe8d8,0x00000000c2e80000)
 Metaspace       used 26394K, capacity 27336K, committed 27516K, reserved 1073152K
  class space    used 3355K, capacity 3593K, committed 3708K, reserved 1048576K
Event: 17.443 GC heap after
Heap after GC invocations=17 (full 1):
 PSYoungGen      total 105472K, used 1728K [0x00000000eb100000, 0x00000000f1e00000, 0x0000000100000000)
  eden space 103424K, 0% used [0x00000000eb100000,0x00000000eb100000,0x00000000f1600000)
  from space 2048K, 84% used [0x00000000f1c00000,0x00000000f1db0010,0x00000000f1e00000)
  to   space 3584K, 0% used [0x00000000f1700000,0x00000000f1700000,0x00000000f1a80000)
 ParOldGen       total 29184K, used 7674K [0x00000000c1200000, 0x00000000c2e80000, 0x00000000eb100000)
  object space 29184K, 26% used [0x00000000c1200000,0x00000000c197e928,0x00000000c2e80000)
 Metaspace       used 26394K, capacity 27336K, committed 27516K, reserved 1073152K
  class space    used 3355K, capacity 3593K, committed 3708K, reserved 1048576K
}
Event: 20.985 GC heap before
{Heap before GC invocations=18 (full 1):
 PSYoungGen      total 105472K, used 105152K [0x00000000eb100000, 0x00000000f1e00000, 0x0000000100000000)
  eden space 103424K, 100% used [0x00000000eb100000,0x00000000f1600000,0x00000000f1600000)
  from space 2048K, 84% used [0x00000000f1c00000,0x00000000f1db0010,0x00000000f1e00000)
  to   space 3584K, 0% used [0x00000000f1700000,0x00000000f1700000,0x00000000f1a80000)
 ParOldGen       total 29184K, used 7674K [0x00000000c1200000, 0x00000000c2e80000, 0x00000000eb100000)
  object space 29184K, 26% used [0x00000000c1200000,0x00000000c197e928,0x00000000c2e80000)
 Metaspace       used 30016K, capacity 31324K, committed 31612K, reserved 1077248K
  class space    used 3860K, capacity 4115K, committed 4220K, reserved 1048576K
Event: 20.999 GC heap after
Heap after GC invocations=18 (full 1):
 PSYoungGen      total 108032K, used 3556K [0x00000000eb100000, 0x00000000f3780000, 0x0000000100000000)
  eden space 104448K, 0% used [0x00000000eb100000,0x00000000eb100000,0x00000000f1700000)
  from space 3584K, 99% used [0x00000000f1700000,0x00000000f1a79040,0x00000000f1a80000)
  to   space 6144K, 0% used [0x00000000f3180000,0x00000000f3180000,0x00000000f3780000)
 ParOldGen       total 29184K, used 11964K [0x00000000c1200000, 0x00000000c2e80000, 0x00000000eb100000)
  object space 29184K, 40% used [0x00000000c1200000,0x00000000c1daf138,0x00000000c2e80000)
 Metaspace       used 30016K, capacity 31324K, committed 31612K, reserved 1077248K
  class space    used 3860K, capacity 4115K, committed 4220K, reserved 1048576K
}
Event: 26.923 GC heap before
{Heap before GC invocations=19 (full 1):
 PSYoungGen      total 108032K, used 108004K [0x00000000eb100000, 0x00000000f3780000, 0x0000000100000000)
  eden space 104448K, 100% used [0x00000000eb100000,0x00000000f1700000,0x00000000f1700000)
  from space 3584K, 99% used [0x00000000f1700000,0x00000000f1a79040,0x00000000f1a80000)
  to   space 6144K, 0% used [0x00000000f3180000,0x00000000f3180000,0x00000000f3780000)
 ParOldGen       total 29184K, used 11964K [0x00000000c1200000, 0x00000000c2e80000, 0x00000000eb100000)
  object space 29184K, 40% used [0x00000000c1200000,0x00000000c1daf138,0x00000000c2e80000)
 Metaspace       used 32688K, capacity 33964K, committed 34172K, reserved 1079296K
  class space    used 4185K, capacity 4455K, committed 4476K, reserved 1048576K
Event: 26.939 GC heap after
Heap after GC invocations=19 (full 1):
 PSYoungGen      total 129536K, used 2832K [0x00000000eb100000, 0x00000000f3600000, 0x0000000100000000)
  eden space 124928K, 0% used [0x00000000eb100000,0x00000000eb100000,0x00000000f2b00000)
  from space 4608K, 61% used [0x00000000f3180000,0x00000000f3444010,0x00000000f3600000)
  to   space 5632K, 0% used [0x00000000f2b00000,0x00000000f2b00000,0x00000000f3080000)
 ParOldGen       total 29184K, used 15434K [0x00000000c1200000, 0x00000000c2e80000, 0x00000000eb100000)
  object space 29184K, 52% used [0x00000000c1200000,0x00000000c2112a68,0x00000000c2e80000)
 Metaspace       used 32688K, capacity 33964K, committed 34172K, reserved 1079296K
  class space    used 4185K, capacity 4455K, committed 4476K, reserved 1048576K
}
Event: 40.245 GC heap before
{Heap before GC invocations=20 (full 1):
 PSYoungGen      total 129536K, used 127760K [0x00000000eb100000, 0x00000000f3600000, 0x0000000100000000)
  eden space 124928K, 100% used [0x00000000eb100000,0x00000000f2b00000,0x00000000f2b00000)
  from space 4608K, 61% used [0x00000000f3180000,0x00000000f3444010,0x00000000f3600000)
  to   space 5632K, 0% used [0x00000000f2b00000,0x00000000f2b00000,0x00000000f3080000)
 ParOldGen       total 29184K, used 15434K [0x00000000c1200000, 0x00000000c2e80000, 0x00000000eb100000)
  object space 29184K, 52% used [0x00000000c1200000,0x00000000c2112a68,0x00000000c2e80000)
 Metaspace       used 34090K, capacity 35582K, committed 35708K, reserved 1081344K
  class space    used 4363K, capacity 4660K, committed 4732K, reserved 1048576K
Event: 40.334 GC heap after
Heap after GC invocations=20 (full 1):
 PSYoungGen      total 130560K, used 2656K [0x00000000eb100000, 0x00000000f3600000, 0x0000000100000000)
  eden space 124928K, 0% used [0x00000000eb100000,0x00000000eb100000,0x00000000f2b00000)
  from space 5632K, 47% used [0x00000000f2b00000,0x00000000f2d98000,0x00000000f3080000)
  to   space 4608K, 0% used [0x00000000f3180000,0x00000000f3180000,0x00000000f3600000)
 ParOldGen       total 29184K, used 18002K [0x00000000c1200000, 0x00000000c2e80000, 0x00000000eb100000)
  object space 29184K, 61% used [0x00000000c1200000,0x00000000c2394a98,0x00000000c2e80000)
 Metaspace       used 34090K, capacity 35582K, committed 35708K, reserved 1081344K
  class space    used 4363K, capacity 4660K, committed 4732K, reserved 1048576K
}

