# JRE version: Java(TM) SE Runtime Environment (8.0_211-b12) (build 1.8.0_211-b12)
# Java VM: Java HotSpot(TM) 64-Bit Server VM (25.211-b12 mixed mode windows-amd64 compressed oops)
Heap:
 PSYoungGen      total 107008K, used 11351K [0x00000000eb100000, 0x00000000f2080000, 0x0000000100000000)
  eden space 99840K, 8% used [0x00000000eb100000,0x00000000eb9c5db0,0x00000000f1280000)
  from space 7168K, 33% used [0x00000000f1280000,0x00000000f14d0010,0x00000000f1980000)
  to   space 6656K, 0% used [0x00000000f1a00000,0x00000000f1a00000,0x00000000f2080000)
 ParOldGen       total 64512K, used 19559K [0x00000000c1200000, 0x00000000c5100000, 0x00000000eb100000)
  object space 64512K, 30% used [0x00000000c1200000,0x00000000c2519f40,0x00000000c5100000)
 Metaspace       used 34706K, capacity 36263K, committed 36392K, reserved 1081344K
  class space    used 4450K, capacity 4745K, committed 4784K, reserved 1048576K
GC Heap History (10 events):
Event: 24.469 GC heap before
{Heap before GC invocations=21 (full 1):
 PSYoungGen      total 78336K, used 76690K [0x00000000eb100000, 0x00000000f0e80000, 0x0000000100000000)
  eden space 73216K, 100% used [0x00000000eb100000,0x00000000ef880000,0x00000000ef880000)
  from space 5120K, 67% used [0x00000000ef880000,0x00000000efbe4810,0x00000000efd80000)
  to   space 5120K, 0% used [0x00000000f0980000,0x00000000f0980000,0x00000000f0e80000)
 ParOldGen       total 32256K, used 8730K [0x00000000c1200000, 0x00000000c3180000, 0x00000000eb100000)
  object space 32256K, 27% used [0x00000000c1200000,0x00000000c1a86a28,0x00000000c3180000)
 Metaspace       used 31564K, capacity 32884K, committed 33072K, reserved 1077248K
  class space    used 4038K, capacity 4315K, committed 4400K, reserved 1048576K
Event: 24.489 GC heap after
Heap after GC invocations=21 (full 1):
 PSYoungGen      total 88576K, used 5088K [0x00000000eb100000, 0x00000000f1200000, 0x0000000100000000)
  eden space 83456K, 0% used [0x00000000eb100000,0x00000000eb100000,0x00000000f0280000)
  from space 5120K, 99% used [0x00000000f0980000,0x00000000f0e78020,0x00000000f0e80000)
  to   space 7168K, 0% used [0x00000000f0280000,0x00000000f0280000,0x00000000f0980000)
 ParOldGen       total 32256K, used 11738K [0x00000000c1200000, 0x00000000c3180000, 0x00000000eb100000)
  object space 32256K, 36% used [0x00000000c1200000,0x00000000c1d76b60,0x00000000c3180000)
 Metaspace       used 31564K, capacity 32884K, committed 33072K, reserved 1077248K
  class space    used 4038K, capacity 4315K, committed 4400K, reserved 1048576K
}
Event: 28.910 GC heap before
{Heap before GC invocations=22 (full 1):
 PSYoungGen      total 88576K, used 88544K [0x00000000eb100000, 0x00000000f1200000, 0x0000000100000000)
  eden space 83456K, 100% used [0x00000000eb100000,0x00000000f0280000,0x00000000f0280000)
  from space 5120K, 99% used [0x00000000f0980000,0x00000000f0e78020,0x00000000f0e80000)
  to   space 7168K, 0% used [0x00000000f0280000,0x00000000f0280000,0x00000000f0980000)
 ParOldGen       total 32256K, used 11738K [0x00000000c1200000, 0x00000000c3180000, 0x00000000eb100000)
  object space 32256K, 36% used [0x00000000c1200000,0x00000000c1d76b60,0x00000000c3180000)
 Metaspace       used 33034K, capacity 34366K, committed 34480K, reserved 1079296K
  class space    used 4223K, capacity 4500K, committed 4528K, reserved 1048576K
Event: 29.006 GC heap after
Heap after GC invocations=22 (full 1):
 PSYoungGen      total 90624K, used 4224K [0x00000000eb100000, 0x00000000f2100000, 0x0000000100000000)
  eden space 83456K, 0% used [0x00000000eb100000,0x00000000eb100000,0x00000000f0280000)
  from space 7168K, 58% used [0x00000000f0280000,0x00000000f06a0020,0x00000000f0980000)
  to   space 7168K, 0% used [0x00000000f1a00000,0x00000000f1a00000,0x00000000f2100000)
 ParOldGen       total 32256K, used 14914K [0x00000000c1200000, 0x00000000c3180000, 0x00000000eb100000)
  object space 32256K, 46% used [0x00000000c1200000,0x00000000c2090b80,0x00000000c3180000)
 Metaspace       used 33034K, capacity 34366K, committed 34480K, reserved 1079296K
  class space    used 4223K, capacity 4500K, committed 4528K, reserved 1048576K
}
Event: 39.182 GC heap before
{Heap before GC invocations=23 (full 1):
 PSYoungGen      total 90624K, used 78855K [0x00000000eb100000, 0x00000000f2100000, 0x0000000100000000)
  eden space 83456K, 89% used [0x00000000eb100000,0x00000000ef9e1dc8,0x00000000f0280000)
  from space 7168K, 58% used [0x00000000f0280000,0x00000000f06a0020,0x00000000f0980000)
  to   space 7168K, 0% used [0x00000000f1a00000,0x00000000f1a00000,0x00000000f2100000)
 ParOldGen       total 32256K, used 14914K [0x00000000c1200000, 0x00000000c3180000, 0x00000000eb100000)
  object space 32256K, 46% used [0x00000000c1200000,0x00000000c2090b80,0x00000000c3180000)
 Metaspace       used 34011K, capacity 35475K, committed 35496K, reserved 1081344K
  class space    used 4351K, capacity 4656K, committed 4656K, reserved 1048576K
Event: 39.258 GC heap after
Heap after GC invocations=23 (full 1):
 PSYoungGen      total 106496K, used 3984K [0x00000000eb100000, 0x00000000f2080000, 0x0000000100000000)
  eden space 99840K, 0% used [0x00000000eb100000,0x00000000eb100000,0x00000000f1280000)
  from space 6656K, 59% used [0x00000000f1a00000,0x00000000f1de4010,0x00000000f2080000)
  to   space 7168K, 0% used [0x00000000f1280000,0x00000000f1280000,0x00000000f1980000)
 ParOldGen       total 32256K, used 16714K [0x00000000c1200000, 0x00000000c3180000, 0x00000000eb100000)
  object space 32256K, 51% used [0x00000000c1200000,0x00000000c2252bc0,0x00000000c3180000)
 Metaspace       used 34011K, capacity 35475K, committed 35496K, reserved 1081344K
  class space    used 4351K, capacity 4656K, committed 4656K, reserved 1048576K
}
Event: 39.259 GC heap before
{Heap before GC invocations=24 (full 2):
 PSYoungGen      total 106496K, used 3984K [0x00000000eb100000, 0x00000000f2080000, 0x0000000100000000)
  eden space 99840K, 0% used [0x00000000eb100000,0x00000000eb100000,0x00000000f1280000)
  from space 6656K, 59% used [0x00000000f1a00000,0x00000000f1de4010,0x00000000f2080000)
  to   space 7168K, 0% used [0x00000000f1280000,0x00000000f1280000,0x00000000f1980000)
 ParOldGen       total 32256K, used 16714K [0x00000000c1200000, 0x00000000c3180000, 0x00000000eb100000)
  object space 32256K, 51% used [0x00000000c1200000,0x00000000c2252bc0,0x00000000c3180000)
 Metaspace       used 34011K, capacity 35475K, committed 35496K, reserved 1081344K
  class space    used 4351K, capacity 4656K, committed 4656K, reserved 1048576K
Event: 39.751 GC heap after
Heap after GC invocations=24 (full 2):
 PSYoungGen      total 106496K, used 0K [0x00000000eb100000, 0x00000000f2080000, 0x0000000100000000)
  eden space 99840K, 0% used [0x00000000eb100000,0x00000000eb100000,0x00000000f1280000)
  from space 6656K, 0% used [0x00000000f1a00000,0x00000000f1a00000,0x00000000f2080000)
  to   space 7168K, 0% used [0x00000000f1280000,0x00000000f1280000,0x00000000f1980000)
 ParOldGen       total 64512K, used 19559K [0x00000000c1200000, 0x00000000c5100000, 0x00000000eb100000)
  object space 64512K, 30% used [0x00000000c1200000,0x00000000c2519f40,0x00000000c5100000)
 Metaspace       used 34011K, capacity 35475K, committed 35496K, reserved 1081344K
  class space    used 4351K, capacity 4656K, committed 4656K, reserved 1048576K
}
Event: 45.147 GC heap before
{Heap before GC invocations=25 (full 2):
 PSYoungGen      total 106496K, used 99840K [0x00000000eb100000, 0x00000000f2080000, 0x0000000100000000)
  eden space 99840K, 100% used [0x00000000eb100000,0x00000000f1280000,0x00000000f1280000)
  from space 6656K, 0% used [0x00000000f1a00000,0x00000000f1a00000,0x00000000f2080000)
  to   space 7168K, 0% used [0x00000000f1280000,0x00000000f1280000,0x00000000f1980000)
 ParOldGen       total 64512K, used 19559K [0x00000000c1200000, 0x00000000c5100000, 0x00000000eb100000)
  object space 64512K, 30% used [0x00000000c1200000,0x00000000c2519f40,0x00000000c5100000)
 Metaspace       used 34665K, capacity 36193K, committed 36392K, reserved 1081344K
  class space    used 4443K, capacity 4744K, committed 4784K, reserved 1048576K
Event: 45.164 GC heap after
Heap after GC invocations=25 (full 2):
 PSYoungGen      total 107008K, used 2368K [0x00000000eb100000, 0x00000000f2080000, 0x0000000100000000)
  eden space 99840K, 0% used [0x00000000eb100000,0x00000000eb100000,0x00000000f1280000)
  from space 7168K, 33% used [0x00000000f1280000,0x00000000f14d0010,0x00000000f1980000)
  to   space 6656K, 0% used [0x00000000f1a00000,0x00000000f1a00000,0x00000000f2080000)
 ParOldGen       total 64512K, used 19559K [0x00000000c1200000, 0x00000000c5100000, 0x00000000eb100000)
  object space 64512K, 30% used [0x00000000c1200000,0x00000000c2519f40,0x00000000c5100000)
 Metaspace       used 34665K, capacity 36193K, committed 36392K, reserved 1081344K
  class space    used 4443K, capacity 4744K, committed 4784K, reserved 1048576K
}

