# JRE version: Java(TM) SE Runtime Environment (8.0_211-b12) (build 1.8.0_211-b12)
# Java VM: Java HotSpot(TM) 64-Bit Server VM (25.211-b12 mixed mode windows-amd64 compressed oops)
Heap:
 PSYoungGen      total 68096K, used 12417K [0x00000000eb100000, 0x00000000f1c00000, 0x0000000100000000)
  eden space 64512K, 16% used [0x00000000eb100000,0x00000000ebb605a8,0x00000000ef000000)
  from space 3584K, 50% used [0x00000000ef000000,0x00000000ef1c0000,0x00000000ef380000)
  to   space 3072K, 0% used [0x00000000f1900000,0x00000000f1900000,0x00000000f1c00000)
 ParOldGen       total 44032K, used 2773K [0x00000000c1200000, 0x00000000c3d00000, 0x00000000eb100000)
  object space 44032K, 6% used [0x00000000c1200000,0x00000000c14b57d8,0x00000000c3d00000)
 Metaspace       used 16969K, capacity 17582K, committed 17792K, reserved 1064960K
  class space    used 2184K, capacity 2344K, committed 2432K, reserved 1048576K
GC Heap History (10 events):
Event: 3.808 GC heap before
{Heap before GC invocations=5 (full 0):
 PSYoungGen      total 18944K, used 18768K [0x00000000eb100000, 0x00000000ed600000, 0x0000000100000000)
  eden space 16384K, 100% used [0x00000000eb100000,0x00000000ec100000,0x00000000ec100000)
  from space 2560K, 93% used [0x00000000ec380000,0x00000000ec5d4010,0x00000000ec600000)
  to   space 2560K, 0% used [0x00000000ec100000,0x00000000ec100000,0x00000000ec380000)
 ParOldGen       total 44032K, used 32K [0x00000000c1200000, 0x00000000c3d00000, 0x00000000eb100000)
  object space 44032K, 0% used [0x00000000c1200000,0x00000000c1208000,0x00000000c3d00000)
 Metaspace       used 10346K, capacity 10732K, committed 10880K, reserved 1058816K
  class space    used 1226K, capacity 1330K, committed 1408K, reserved 1048576K
Event: 3.825 GC heap after
Heap after GC invocations=5 (full 0):
 PSYoungGen      total 18944K, used 2528K [0x00000000eb100000, 0x00000000ed700000, 0x0000000100000000)
  eden space 16384K, 0% used [0x00000000eb100000,0x00000000eb100000,0x00000000ec100000)
  from space 2560K, 98% used [0x00000000ec100000,0x00000000ec378020,0x00000000ec380000)
  to   space 3072K, 0% used [0x00000000ed400000,0x00000000ed400000,0x00000000ed700000)
 ParOldGen       total 44032K, used 96K [0x00000000c1200000, 0x00000000c3d00000, 0x00000000eb100000)
  object space 44032K, 0% used [0x00000000c1200000,0x00000000c1218000,0x00000000c3d00000)
 Metaspace       used 10346K, capacity 10732K, committed 10880K, reserved 1058816K
  class space    used 1226K, capacity 1330K, committed 1408K, reserved 1048576K
}
Event: 4.257 GC heap before
{Heap before GC invocations=6 (full 0):
 PSYoungGen      total 18944K, used 18912K [0x00000000eb100000, 0x00000000ed700000, 0x0000000100000000)
  eden space 16384K, 100% used [0x00000000eb100000,0x00000000ec100000,0x00000000ec100000)
  from space 2560K, 98% used [0x00000000ec100000,0x00000000ec378020,0x00000000ec380000)
  to   space 3072K, 0% used [0x00000000ed400000,0x00000000ed400000,0x00000000ed700000)
 ParOldGen       total 44032K, used 96K [0x00000000c1200000, 0x00000000c3d00000, 0x00000000eb100000)
  object space 44032K, 0% used [0x00000000c1200000,0x00000000c1218000,0x00000000c3d00000)
 Metaspace       used 11260K, capacity 11672K, committed 11776K, reserved 1058816K
  class space    used 1330K, capacity 1446K, committed 1536K, reserved 1048576K
Event: 4.291 GC heap after
Heap after GC invocations=6 (full 0):
 PSYoungGen      total 35328K, used 2864K [0x00000000eb100000, 0x00000000ed800000, 0x0000000100000000)
  eden space 32256K, 0% used [0x00000000eb100000,0x00000000eb100000,0x00000000ed080000)
  from space 3072K, 93% used [0x00000000ed400000,0x00000000ed6cc010,0x00000000ed700000)
  to   space 3584K, 0% used [0x00000000ed080000,0x00000000ed080000,0x00000000ed400000)
 ParOldGen       total 44032K, used 104K [0x00000000c1200000, 0x00000000c3d00000, 0x00000000eb100000)
  object space 44032K, 0% used [0x00000000c1200000,0x00000000c121a000,0x00000000c3d00000)
 Metaspace       used 11260K, capacity 11672K, committed 11776K, reserved 1058816K
  class space    used 1330K, capacity 1446K, committed 1536K, reserved 1048576K
}
Event: 5.668 GC heap before
{Heap before GC invocations=7 (full 0):
 PSYoungGen      total 35328K, used 35120K [0x00000000eb100000, 0x00000000ed800000, 0x0000000100000000)
  eden space 32256K, 100% used [0x00000000eb100000,0x00000000ed080000,0x00000000ed080000)
  from space 3072K, 93% used [0x00000000ed400000,0x00000000ed6cc010,0x00000000ed700000)
  to   space 3584K, 0% used [0x00000000ed080000,0x00000000ed080000,0x00000000ed400000)
 ParOldGen       total 44032K, used 104K [0x00000000c1200000, 0x00000000c3d00000, 0x00000000eb100000)
  object space 44032K, 0% used [0x00000000c1200000,0x00000000c121a000,0x00000000c3d00000)
 Metaspace       used 12522K, capacity 13058K, committed 13312K, reserved 1060864K
  class space    used 1532K, capacity 1700K, committed 1792K, reserved 1048576K
Event: 5.704 GC heap after
Heap after GC invocations=7 (full 0):
 PSYoungGen      total 35840K, used 1696K [0x00000000eb100000, 0x00000000ef700000, 0x0000000100000000)
  eden space 32256K, 0% used [0x00000000eb100000,0x00000000eb100000,0x00000000ed080000)
  from space 3584K, 47% used [0x00000000ed080000,0x00000000ed228000,0x00000000ed400000)
  to   space 3584K, 0% used [0x00000000ef380000,0x00000000ef380000,0x00000000ef700000)
 ParOldGen       total 44032K, used 1673K [0x00000000c1200000, 0x00000000c3d00000, 0x00000000eb100000)
  object space 44032K, 3% used [0x00000000c1200000,0x00000000c13a2600,0x00000000c3d00000)
 Metaspace       used 12522K, capacity 13058K, committed 13312K, reserved 1060864K
  class space    used 1532K, capacity 1700K, committed 1792K, reserved 1048576K
}
Event: 6.645 GC heap before
{Heap before GC invocations=8 (full 0):
 PSYoungGen      total 35840K, used 33952K [0x00000000eb100000, 0x00000000ef700000, 0x0000000100000000)
  eden space 32256K, 100% used [0x00000000eb100000,0x00000000ed080000,0x00000000ed080000)
  from space 3584K, 47% used [0x00000000ed080000,0x00000000ed228000,0x00000000ed400000)
  to   space 3584K, 0% used [0x00000000ef380000,0x00000000ef380000,0x00000000ef700000)
 ParOldGen       total 44032K, used 1673K [0x00000000c1200000, 0x00000000c3d00000, 0x00000000eb100000)
  object space 44032K, 3% used [0x00000000c1200000,0x00000000c13a2600,0x00000000c3d00000)
 Metaspace       used 13311K, capacity 13820K, committed 13952K, reserved 1060864K
  class space    used 1724K, capacity 1865K, committed 1920K, reserved 1048576K
Event: 6.672 GC heap after
Heap after GC invocations=8 (full 0):
 PSYoungGen      total 68096K, used 1536K [0x00000000eb100000, 0x00000000ef700000, 0x0000000100000000)
  eden space 64512K, 0% used [0x00000000eb100000,0x00000000eb100000,0x00000000ef000000)
  from space 3584K, 42% used [0x00000000ef380000,0x00000000ef500000,0x00000000ef700000)
  to   space 3584K, 0% used [0x00000000ef000000,0x00000000ef000000,0x00000000ef380000)
 ParOldGen       total 44032K, used 2256K [0x00000000c1200000, 0x00000000c3d00000, 0x00000000eb100000)
  object space 44032K, 5% used [0x00000000c1200000,0x00000000c1434298,0x00000000c3d00000)
 Metaspace       used 13311K, capacity 13820K, committed 13952K, reserved 1060864K
  class space    used 1724K, capacity 1865K, committed 1920K, reserved 1048576K
}
Event: 10.342 GC heap before
{Heap before GC invocations=9 (full 0):
 PSYoungGen      total 68096K, used 66048K [0x00000000eb100000, 0x00000000ef700000, 0x0000000100000000)
  eden space 64512K, 100% used [0x00000000eb100000,0x00000000ef000000,0x00000000ef000000)
  from space 3584K, 42% used [0x00000000ef380000,0x00000000ef500000,0x00000000ef700000)
  to   space 3584K, 0% used [0x00000000ef000000,0x00000000ef000000,0x00000000ef380000)
 ParOldGen       total 44032K, used 2256K [0x00000000c1200000, 0x00000000c3d00000, 0x00000000eb100000)
  object space 44032K, 5% used [0x00000000c1200000,0x00000000c1434298,0x00000000c3d00000)
 Metaspace       used 16320K, capacity 16866K, committed 17152K, reserved 1064960K
  class space    used 2103K, capacity 2278K, committed 2304K, reserved 1048576K
Event: 10.350 GC heap after
Heap after GC invocations=9 (full 0):
 PSYoungGen      total 68096K, used 1792K [0x00000000eb100000, 0x00000000f1c00000, 0x0000000100000000)
  eden space 64512K, 0% used [0x00000000eb100000,0x00000000eb100000,0x00000000ef000000)
  from space 3584K, 50% used [0x00000000ef000000,0x00000000ef1c0000,0x00000000ef380000)
  to   space 3072K, 0% used [0x00000000f1900000,0x00000000f1900000,0x00000000f1c00000)
 ParOldGen       total 44032K, used 2773K [0x00000000c1200000, 0x00000000c3d00000, 0x00000000eb100000)
  object space 44032K, 6% used [0x00000000c1200000,0x00000000c14b57d8,0x00000000c3d00000)
 Metaspace       used 16320K, capacity 16866K, committed 17152K, reserved 1064960K
  class space    used 2103K, capacity 2278K, committed 2304K, reserved 1048576K
}

