# JRE version: Java(TM) SE Runtime Environment (8.0_211-b12) (build 1.8.0_211-b12)
# Java VM: Java HotSpot(TM) 64-Bit Server VM (25.211-b12 mixed mode windows-amd64 compressed oops)
Heap:
 PSYoungGen      total 146432K, used 109307K [0x00000000eb100000, 0x00000000f4700000, 0x0000000100000000)
  eden space 143872K, 74% used [0x00000000eb100000,0x00000000f1962130,0x00000000f3d80000)
  from space 2560K, 94% used [0x00000000f4480000,0x00000000f46dcc40,0x00000000f4700000)
  to   space 3584K, 0% used [0x00000000f4000000,0x00000000f4000000,0x00000000f4380000)
 ParOldGen       total 27648K, used 8078K [0x00000000c1200000, 0x00000000c2d00000, 0x00000000eb100000)
  object space 27648K, 29% used [0x00000000c1200000,0x00000000c19e3990,0x00000000c2d00000)
 Metaspace       used 31017K, capacity 32302K, committed 32512K, reserved 1077248K
  class space    used 3963K, capacity 4246K, committed 4352K, reserved 1048576K
GC Heap History (10 events):
Event: 11.436 GC heap before
{Heap before GC invocations=9 (full 0):
 PSYoungGen      total 68608K, used 67040K [0x00000000eb100000, 0x00000000ef700000, 0x0000000100000000)
  eden space 65536K, 100% used [0x00000000eb100000,0x00000000ef100000,0x00000000ef100000)
  from space 3072K, 48% used [0x00000000ef400000,0x00000000ef578000,0x00000000ef700000)
  to   space 3072K, 0% used [0x00000000ef100000,0x00000000ef100000,0x00000000ef400000)
 ParOldGen       total 44032K, used 2225K [0x00000000c1200000, 0x00000000c3d00000, 0x00000000eb100000)
  object space 44032K, 5% used [0x00000000c1200000,0x00000000c142c4c0,0x00000000c3d00000)
 Metaspace       used 16483K, capacity 17074K, committed 17408K, reserved 1064960K
  class space    used 2103K, capacity 2240K, committed 2304K, reserved 1048576K
Event: 11.445 GC heap after
Heap after GC invocations=9 (full 0):
 PSYoungGen      total 68608K, used 1760K [0x00000000eb100000, 0x00000000f1d80000, 0x0000000100000000)
  eden space 65536K, 0% used [0x00000000eb100000,0x00000000eb100000,0x00000000ef100000)
  from space 3072K, 57% used [0x00000000ef100000,0x00000000ef2b8000,0x00000000ef400000)
  to   space 3072K, 0% used [0x00000000f1a80000,0x00000000f1a80000,0x00000000f1d80000)
 ParOldGen       total 44032K, used 2662K [0x00000000c1200000, 0x00000000c3d00000, 0x00000000eb100000)
  object space 44032K, 6% used [0x00000000c1200000,0x00000000c1499a00,0x00000000c3d00000)
 Metaspace       used 16483K, capacity 17074K, committed 17408K, reserved 1064960K
  class space    used 2103K, capacity 2240K, committed 2304K, reserved 1048576K
}
Event: 15.110 GC heap before
{Heap before GC invocations=10 (full 0):
 PSYoungGen      total 68608K, used 67296K [0x00000000eb100000, 0x00000000f1d80000, 0x0000000100000000)
  eden space 65536K, 100% used [0x00000000eb100000,0x00000000ef100000,0x00000000ef100000)
  from space 3072K, 57% used [0x00000000ef100000,0x00000000ef2b8000,0x00000000ef400000)
  to   space 3072K, 0% used [0x00000000f1a80000,0x00000000f1a80000,0x00000000f1d80000)
 ParOldGen       total 44032K, used 2662K [0x00000000c1200000, 0x00000000c3d00000, 0x00000000eb100000)
  object space 44032K, 6% used [0x00000000c1200000,0x00000000c1499a00,0x00000000c3d00000)
 Metaspace       used 20551K, capacity 21134K, committed 21248K, reserved 1067008K
  class space    used 2634K, capacity 2800K, committed 2816K, reserved 1048576K
Event: 15.120 GC heap after
Heap after GC invocations=10 (full 0):
 PSYoungGen      total 108032K, used 2367K [0x00000000eb100000, 0x00000000f1d80000, 0x0000000100000000)
  eden space 104960K, 0% used [0x00000000eb100000,0x00000000eb100000,0x00000000f1780000)
  from space 3072K, 77% used [0x00000000f1a80000,0x00000000f1ccfc38,0x00000000f1d80000)
  to   space 3072K, 0% used [0x00000000f1780000,0x00000000f1780000,0x00000000f1a80000)
 ParOldGen       total 44032K, used 3382K [0x00000000c1200000, 0x00000000c3d00000, 0x00000000eb100000)
  object space 44032K, 7% used [0x00000000c1200000,0x00000000c154da00,0x00000000c3d00000)
 Metaspace       used 20551K, capacity 21134K, committed 21248K, reserved 1067008K
  class space    used 2634K, capacity 2800K, committed 2816K, reserved 1048576K
}
Event: 15.120 GC heap before
{Heap before GC invocations=11 (full 1):
 PSYoungGen      total 108032K, used 2367K [0x00000000eb100000, 0x00000000f1d80000, 0x0000000100000000)
  eden space 104960K, 0% used [0x00000000eb100000,0x00000000eb100000,0x00000000f1780000)
  from space 3072K, 77% used [0x00000000f1a80000,0x00000000f1ccfc38,0x00000000f1d80000)
  to   space 3072K, 0% used [0x00000000f1780000,0x00000000f1780000,0x00000000f1a80000)
 ParOldGen       total 44032K, used 3382K [0x00000000c1200000, 0x00000000c3d00000, 0x00000000eb100000)
  object space 44032K, 7% used [0x00000000c1200000,0x00000000c154da00,0x00000000c3d00000)
 Metaspace       used 20551K, capacity 21134K, committed 21248K, reserved 1067008K
  class space    used 2634K, capacity 2800K, committed 2816K, reserved 1048576K
Event: 15.217 GC heap after
Heap after GC invocations=11 (full 1):
 PSYoungGen      total 108032K, used 0K [0x00000000eb100000, 0x00000000f1d80000, 0x0000000100000000)
  eden space 104960K, 0% used [0x00000000eb100000,0x00000000eb100000,0x00000000f1780000)
  from space 3072K, 0% used [0x00000000f1a80000,0x00000000f1a80000,0x00000000f1d80000)
  to   space 3072K, 0% used [0x00000000f1780000,0x00000000f1780000,0x00000000f1a80000)
 ParOldGen       total 27648K, used 5438K [0x00000000c1200000, 0x00000000c2d00000, 0x00000000eb100000)
  object space 27648K, 19% used [0x00000000c1200000,0x00000000c174f940,0x00000000c2d00000)
 Metaspace       used 20551K, capacity 21134K, committed 21248K, reserved 1067008K
  class space    used 2634K, capacity 2800K, committed 2816K, reserved 1048576K
}
Event: 19.675 GC heap before
{Heap before GC invocations=12 (full 1):
 PSYoungGen      total 108032K, used 104960K [0x00000000eb100000, 0x00000000f1d80000, 0x0000000100000000)
  eden space 104960K, 100% used [0x00000000eb100000,0x00000000f1780000,0x00000000f1780000)
  from space 3072K, 0% used [0x00000000f1a80000,0x00000000f1a80000,0x00000000f1d80000)
  to   space 3072K, 0% used [0x00000000f1780000,0x00000000f1780000,0x00000000f1a80000)
 ParOldGen       total 27648K, used 5438K [0x00000000c1200000, 0x00000000c2d00000, 0x00000000eb100000)
  object space 27648K, 19% used [0x00000000c1200000,0x00000000c174f940,0x00000000c2d00000)
 Metaspace       used 24340K, capacity 25178K, committed 25344K, reserved 1071104K
  class space    used 3094K, capacity 3282K, committed 3328K, reserved 1048576K
Event: 19.684 GC heap after
Heap after GC invocations=12 (full 1):
 PSYoungGen      total 108032K, used 2916K [0x00000000eb100000, 0x00000000f4800000, 0x0000000100000000)
  eden space 104960K, 0% used [0x00000000eb100000,0x00000000eb100000,0x00000000f1780000)
  from space 3072K, 94% used [0x00000000f1780000,0x00000000f1a59368,0x00000000f1a80000)
  to   space 3584K, 0% used [0x00000000f4480000,0x00000000f4480000,0x00000000f4800000)
 ParOldGen       total 27648K, used 5510K [0x00000000c1200000, 0x00000000c2d00000, 0x00000000eb100000)
  object space 27648K, 19% used [0x00000000c1200000,0x00000000c1761950,0x00000000c2d00000)
 Metaspace       used 24340K, capacity 25178K, committed 25344K, reserved 1071104K
  class space    used 3094K, capacity 3282K, committed 3328K, reserved 1048576K
}
Event: 22.806 GC heap before
{Heap before GC invocations=13 (full 1):
 PSYoungGen      total 108032K, used 107876K [0x00000000eb100000, 0x00000000f4800000, 0x0000000100000000)
  eden space 104960K, 100% used [0x00000000eb100000,0x00000000f1780000,0x00000000f1780000)
  from space 3072K, 94% used [0x00000000f1780000,0x00000000f1a59368,0x00000000f1a80000)
  to   space 3584K, 0% used [0x00000000f4480000,0x00000000f4480000,0x00000000f4800000)
 ParOldGen       total 27648K, used 5510K [0x00000000c1200000, 0x00000000c2d00000, 0x00000000eb100000)
  object space 27648K, 19% used [0x00000000c1200000,0x00000000c1761950,0x00000000c2d00000)
 Metaspace       used 26839K, capacity 27700K, committed 28032K, reserved 1073152K
  class space    used 3415K, capacity 3627K, committed 3712K, reserved 1048576K
Event: 22.813 GC heap after
Heap after GC invocations=13 (full 1):
 PSYoungGen      total 146432K, used 2419K [0x00000000eb100000, 0x00000000f4700000, 0x0000000100000000)
  eden space 143872K, 0% used [0x00000000eb100000,0x00000000eb100000,0x00000000f3d80000)
  from space 2560K, 94% used [0x00000000f4480000,0x00000000f46dcc40,0x00000000f4700000)
  to   space 3584K, 0% used [0x00000000f4000000,0x00000000f4000000,0x00000000f4380000)
 ParOldGen       total 27648K, used 8078K [0x00000000c1200000, 0x00000000c2d00000, 0x00000000eb100000)
  object space 27648K, 29% used [0x00000000c1200000,0x00000000c19e3990,0x00000000c2d00000)
 Metaspace       used 26839K, capacity 27700K, committed 28032K, reserved 1073152K
  class space    used 3415K, capacity 3627K, committed 3712K, reserved 1048576K
}

