# JRE version: Java(TM) SE Runtime Environment (8.0_211-b12) (build 1.8.0_211-b12)
# Java VM: Java HotSpot(TM) 64-Bit Server VM (25.211-b12 mixed mode windows-amd64 compressed oops)
Heap:
 PSYoungGen      total 124928K, used 111074K [0x00000000eb100000, 0x00000000f3080000, 0x0000000100000000)
  eden space 122368K, 88% used [0x00000000eb100000,0x00000000f1b3b7f8,0x00000000f2880000)
  from space 2560K, 89% used [0x00000000f2e00000,0x00000000f303d040,0x00000000f3080000)
  to   space 3072K, 0% used [0x00000000f2a80000,0x00000000f2a80000,0x00000000f2d80000)
 ParOldGen       total 32256K, used 7895K [0x00000000c1200000, 0x00000000c3180000, 0x00000000eb100000)
  object space 32256K, 24% used [0x00000000c1200000,0x00000000c19b5f50,0x00000000c3180000)
 Metaspace       used 30960K, capacity 32210K, committed 32384K, reserved 1077248K
  class space    used 3952K, capacity 4214K, committed 4224K, reserved 1048576K
GC Heap History (10 events):
Event: 11.583 GC heap before
{Heap before GC invocations=9 (full 0):
 PSYoungGen      total 66048K, used 65328K [0x00000000eb100000, 0x00000000ef400000, 0x0000000100000000)
  eden space 63488K, 100% used [0x00000000eb100000,0x00000000eef00000,0x00000000eef00000)
  from space 2560K, 71% used [0x00000000ef180000,0x00000000ef34c010,0x00000000ef400000)
  to   space 2560K, 0% used [0x00000000eef00000,0x00000000eef00000,0x00000000ef180000)
 ParOldGen       total 44032K, used 2254K [0x00000000c1200000, 0x00000000c3d00000, 0x00000000eb100000)
  object space 44032K, 5% used [0x00000000c1200000,0x00000000c1433838,0x00000000c3d00000)
 Metaspace       used 18377K, capacity 18968K, committed 19200K, reserved 1067008K
  class space    used 2333K, capacity 2505K, committed 2560K, reserved 1048576K
Event: 11.639 GC heap after
Heap after GC invocations=9 (full 0):
 PSYoungGen      total 66048K, used 1840K [0x00000000eb100000, 0x00000000f1980000, 0x0000000100000000)
  eden space 63488K, 0% used [0x00000000eb100000,0x00000000eb100000,0x00000000eef00000)
  from space 2560K, 71% used [0x00000000eef00000,0x00000000ef0cc030,0x00000000ef180000)
  to   space 2560K, 0% used [0x00000000f1700000,0x00000000f1700000,0x00000000f1980000)
 ParOldGen       total 44032K, used 3098K [0x00000000c1200000, 0x00000000c3d00000, 0x00000000eb100000)
  object space 44032K, 7% used [0x00000000c1200000,0x00000000c1506a10,0x00000000c3d00000)
 Metaspace       used 18377K, capacity 18968K, committed 19200K, reserved 1067008K
  class space    used 2333K, capacity 2505K, committed 2560K, reserved 1048576K
}
Event: 13.639 GC heap before
{Heap before GC invocations=10 (full 0):
 PSYoungGen      total 66048K, used 40329K [0x00000000eb100000, 0x00000000f1980000, 0x0000000100000000)
  eden space 63488K, 60% used [0x00000000eb100000,0x00000000ed696560,0x00000000eef00000)
  from space 2560K, 71% used [0x00000000eef00000,0x00000000ef0cc030,0x00000000ef180000)
  to   space 2560K, 0% used [0x00000000f1700000,0x00000000f1700000,0x00000000f1980000)
 ParOldGen       total 44032K, used 3098K [0x00000000c1200000, 0x00000000c3d00000, 0x00000000eb100000)
  object space 44032K, 7% used [0x00000000c1200000,0x00000000c1506a10,0x00000000c3d00000)
 Metaspace       used 20545K, capacity 21138K, committed 21248K, reserved 1067008K
  class space    used 2629K, capacity 2800K, committed 2816K, reserved 1048576K
Event: 13.652 GC heap after
Heap after GC invocations=10 (full 0):
 PSYoungGen      total 104448K, used 1840K [0x00000000eb100000, 0x00000000f1980000, 0x0000000100000000)
  eden space 101888K, 0% used [0x00000000eb100000,0x00000000eb100000,0x00000000f1480000)
  from space 2560K, 71% used [0x00000000f1700000,0x00000000f18cc010,0x00000000f1980000)
  to   space 2560K, 0% used [0x00000000f1480000,0x00000000f1480000,0x00000000f1700000)
 ParOldGen       total 44032K, used 3818K [0x00000000c1200000, 0x00000000c3d00000, 0x00000000eb100000)
  object space 44032K, 8% used [0x00000000c1200000,0x00000000c15baa30,0x00000000c3d00000)
 Metaspace       used 20545K, capacity 21138K, committed 21248K, reserved 1067008K
  class space    used 2629K, capacity 2800K, committed 2816K, reserved 1048576K
}
Event: 13.652 GC heap before
{Heap before GC invocations=11 (full 1):
 PSYoungGen      total 104448K, used 1840K [0x00000000eb100000, 0x00000000f1980000, 0x0000000100000000)
  eden space 101888K, 0% used [0x00000000eb100000,0x00000000eb100000,0x00000000f1480000)
  from space 2560K, 71% used [0x00000000f1700000,0x00000000f18cc010,0x00000000f1980000)
  to   space 2560K, 0% used [0x00000000f1480000,0x00000000f1480000,0x00000000f1700000)
 ParOldGen       total 44032K, used 3818K [0x00000000c1200000, 0x00000000c3d00000, 0x00000000eb100000)
  object space 44032K, 8% used [0x00000000c1200000,0x00000000c15baa30,0x00000000c3d00000)
 Metaspace       used 20545K, capacity 21138K, committed 21248K, reserved 1067008K
  class space    used 2629K, capacity 2800K, committed 2816K, reserved 1048576K
Event: 14.002 GC heap after
Heap after GC invocations=11 (full 1):
 PSYoungGen      total 104448K, used 0K [0x00000000eb100000, 0x00000000f1980000, 0x0000000100000000)
  eden space 101888K, 0% used [0x00000000eb100000,0x00000000eb100000,0x00000000f1480000)
  from space 2560K, 0% used [0x00000000f1700000,0x00000000f1700000,0x00000000f1980000)
  to   space 2560K, 0% used [0x00000000f1480000,0x00000000f1480000,0x00000000f1700000)
 ParOldGen       total 32256K, used 5343K [0x00000000c1200000, 0x00000000c3180000, 0x00000000eb100000)
  object space 32256K, 16% used [0x00000000c1200000,0x00000000c1737f20,0x00000000c3180000)
 Metaspace       used 20545K, capacity 21138K, committed 21248K, reserved 1067008K
  class space    used 2629K, capacity 2800K, committed 2816K, reserved 1048576K
}
Event: 19.487 GC heap before
{Heap before GC invocations=12 (full 1):
 PSYoungGen      total 104448K, used 101888K [0x00000000eb100000, 0x00000000f1980000, 0x0000000100000000)
  eden space 101888K, 100% used [0x00000000eb100000,0x00000000f1480000,0x00000000f1480000)
  from space 2560K, 0% used [0x00000000f1700000,0x00000000f1700000,0x00000000f1980000)
  to   space 2560K, 0% used [0x00000000f1480000,0x00000000f1480000,0x00000000f1700000)
 ParOldGen       total 32256K, used 5343K [0x00000000c1200000, 0x00000000c3180000, 0x00000000eb100000)
  object space 32256K, 16% used [0x00000000c1200000,0x00000000c1737f20,0x00000000c3180000)
 Metaspace       used 24162K, capacity 24986K, committed 25088K, reserved 1071104K
  class space    used 3068K, capacity 3282K, committed 3328K, reserved 1048576K
Event: 19.498 GC heap after
Heap after GC invocations=12 (full 1):
 PSYoungGen      total 104448K, used 2544K [0x00000000eb100000, 0x00000000f3080000, 0x0000000100000000)
  eden space 101888K, 0% used [0x00000000eb100000,0x00000000eb100000,0x00000000f1480000)
  from space 2560K, 99% used [0x00000000f1480000,0x00000000f16fc010,0x00000000f1700000)
  to   space 2560K, 0% used [0x00000000f2e00000,0x00000000f2e00000,0x00000000f3080000)
 ParOldGen       total 32256K, used 5511K [0x00000000c1200000, 0x00000000c3180000, 0x00000000eb100000)
  object space 32256K, 17% used [0x00000000c1200000,0x00000000c1761f30,0x00000000c3180000)
 Metaspace       used 24162K, capacity 24986K, committed 25088K, reserved 1071104K
  class space    used 3068K, capacity 3282K, committed 3328K, reserved 1048576K
}
Event: 22.707 GC heap before
{Heap before GC invocations=13 (full 1):
 PSYoungGen      total 104448K, used 104432K [0x00000000eb100000, 0x00000000f3080000, 0x0000000100000000)
  eden space 101888K, 100% used [0x00000000eb100000,0x00000000f1480000,0x00000000f1480000)
  from space 2560K, 99% used [0x00000000f1480000,0x00000000f16fc010,0x00000000f1700000)
  to   space 2560K, 0% used [0x00000000f2e00000,0x00000000f2e00000,0x00000000f3080000)
 ParOldGen       total 32256K, used 5511K [0x00000000c1200000, 0x00000000c3180000, 0x00000000eb100000)
  object space 32256K, 17% used [0x00000000c1200000,0x00000000c1761f30,0x00000000c3180000)
 Metaspace       used 26706K, capacity 27636K, committed 27776K, reserved 1073152K
  class space    used 3394K, capacity 3627K, committed 3712K, reserved 1048576K
Event: 22.717 GC heap after
Heap after GC invocations=13 (full 1):
 PSYoungGen      total 124928K, used 2292K [0x00000000eb100000, 0x00000000f3080000, 0x0000000100000000)
  eden space 122368K, 0% used [0x00000000eb100000,0x00000000eb100000,0x00000000f2880000)
  from space 2560K, 89% used [0x00000000f2e00000,0x00000000f303d040,0x00000000f3080000)
  to   space 3072K, 0% used [0x00000000f2a80000,0x00000000f2a80000,0x00000000f2d80000)
 ParOldGen       total 32256K, used 7895K [0x00000000c1200000, 0x00000000c3180000, 0x00000000eb100000)
  object space 32256K, 24% used [0x00000000c1200000,0x00000000c19b5f50,0x00000000c3180000)
 Metaspace       used 26706K, capacity 27636K, committed 27776K, reserved 1073152K
  class space    used 3394K, capacity 3627K, committed 3712K, reserved 1048576K
}

