# JRE version: Java(TM) SE Runtime Environment (8.0_211-b12) (build 1.8.0_211-b12)
# Java VM: Java HotSpot(TM) 64-Bit Server VM (25.211-b12 mixed mode windows-amd64 compressed oops)
Heap:
 PSYoungGen      total 170496K, used 29923K [0x00000000eb100000, 0x00000000f5d00000, 0x0000000100000000)
  eden space 164864K, 18% used [0x00000000eb100000,0x00000000ece38f68,0x00000000f5200000)
  from space 5632K, 0% used [0x00000000f5780000,0x00000000f5780000,0x00000000f5d00000)
  to   space 5632K, 0% used [0x00000000f5200000,0x00000000f5200000,0x00000000f5780000)
 ParOldGen       total 64512K, used 19325K [0x00000000c1200000, 0x00000000c5100000, 0x00000000eb100000)
  object space 64512K, 29% used [0x00000000c1200000,0x00000000c24df448,0x00000000c5100000)
 Metaspace       used 34146K, capacity 35656K, committed 35928K, reserved 1081344K
  class space    used 4371K, capacity 4661K, committed 4696K, reserved 1048576K
GC Heap History (10 events):
Event: 17.255 GC heap before
{Heap before GC invocations=12 (full 1):
 PSYoungGen      total 83968K, used 83940K [0x00000000eb100000, 0x00000000f3400000, 0x0000000100000000)
  eden space 81920K, 100% used [0x00000000eb100000,0x00000000f0100000,0x00000000f0100000)
  from space 2048K, 98% used [0x00000000f3200000,0x00000000f33f9340,0x00000000f3400000)
  to   space 3584K, 0% used [0x00000000f2d00000,0x00000000f2d00000,0x00000000f3080000)
 ParOldGen       total 31232K, used 5474K [0x00000000c1200000, 0x00000000c3080000, 0x00000000eb100000)
  object space 31232K, 17% used [0x00000000c1200000,0x00000000c1758870,0x00000000c3080000)
 Metaspace       used 26140K, capacity 27048K, committed 27136K, reserved 1073152K
  class space    used 3314K, capacity 3549K, committed 3584K, reserved 1048576K
Event: 17.268 GC heap after
Heap after GC invocations=12 (full 1):
 PSYoungGen      total 111616K, used 2240K [0x00000000eb100000, 0x00000000f3280000, 0x0000000100000000)
  eden space 109056K, 0% used [0x00000000eb100000,0x00000000eb100000,0x00000000f1b80000)
  from space 2560K, 87% used [0x00000000f2d00000,0x00000000f2f30030,0x00000000f2f80000)
  to   space 3072K, 0% used [0x00000000f2f80000,0x00000000f2f80000,0x00000000f3280000)
 ParOldGen       total 31232K, used 7378K [0x00000000c1200000, 0x00000000c3080000, 0x00000000eb100000)
  object space 31232K, 23% used [0x00000000c1200000,0x00000000c19348a0,0x00000000c3080000)
 Metaspace       used 26140K, capacity 27048K, committed 27136K, reserved 1073152K
  class space    used 3314K, capacity 3549K, committed 3584K, reserved 1048576K
}
Event: 20.024 GC heap before
{Heap before GC invocations=13 (full 1):
 PSYoungGen      total 111616K, used 111296K [0x00000000eb100000, 0x00000000f3280000, 0x0000000100000000)
  eden space 109056K, 100% used [0x00000000eb100000,0x00000000f1b80000,0x00000000f1b80000)
  from space 2560K, 87% used [0x00000000f2d00000,0x00000000f2f30030,0x00000000f2f80000)
  to   space 3072K, 0% used [0x00000000f2f80000,0x00000000f2f80000,0x00000000f3280000)
 ParOldGen       total 31232K, used 7378K [0x00000000c1200000, 0x00000000c3080000, 0x00000000eb100000)
  object space 31232K, 23% used [0x00000000c1200000,0x00000000c19348a0,0x00000000c3080000)
 Metaspace       used 28908K, capacity 30144K, committed 30336K, reserved 1075200K
  class space    used 3691K, capacity 3955K, committed 3968K, reserved 1048576K
Event: 20.034 GC heap after
Heap after GC invocations=13 (full 1):
 PSYoungGen      total 129024K, used 2688K [0x00000000eb100000, 0x00000000f4300000, 0x0000000100000000)
  eden space 125952K, 0% used [0x00000000eb100000,0x00000000eb100000,0x00000000f2c00000)
  from space 3072K, 87% used [0x00000000f2f80000,0x00000000f3220000,0x00000000f3280000)
  to   space 3584K, 0% used [0x00000000f2c00000,0x00000000f2c00000,0x00000000f2f80000)
 ParOldGen       total 31232K, used 9290K [0x00000000c1200000, 0x00000000c3080000, 0x00000000eb100000)
  object space 31232K, 29% used [0x00000000c1200000,0x00000000c1b128f0,0x00000000c3080000)
 Metaspace       used 28908K, capacity 30144K, committed 30336K, reserved 1075200K
  class space    used 3691K, capacity 3955K, committed 3968K, reserved 1048576K
}
Event: 27.595 GC heap before
{Heap before GC invocations=14 (full 1):
 PSYoungGen      total 129024K, used 128640K [0x00000000eb100000, 0x00000000f4300000, 0x0000000100000000)
  eden space 125952K, 100% used [0x00000000eb100000,0x00000000f2c00000,0x00000000f2c00000)
  from space 3072K, 87% used [0x00000000f2f80000,0x00000000f3220000,0x00000000f3280000)
  to   space 3584K, 0% used [0x00000000f2c00000,0x00000000f2c00000,0x00000000f2f80000)
 ParOldGen       total 31232K, used 9290K [0x00000000c1200000, 0x00000000c3080000, 0x00000000eb100000)
  object space 31232K, 29% used [0x00000000c1200000,0x00000000c1b128f0,0x00000000c3080000)
 Metaspace       used 32712K, capacity 34040K, committed 34176K, reserved 1079296K
  class space    used 4186K, capacity 4457K, committed 4480K, reserved 1048576K
Event: 27.660 GC heap after
Heap after GC invocations=14 (full 1):
 PSYoungGen      total 129536K, used 3568K [0x00000000eb100000, 0x00000000f5d80000, 0x0000000100000000)
  eden space 125952K, 0% used [0x00000000eb100000,0x00000000eb100000,0x00000000f2c00000)
  from space 3584K, 99% used [0x00000000f2c00000,0x00000000f2f7c010,0x00000000f2f80000)
  to   space 6144K, 0% used [0x00000000f5780000,0x00000000f5780000,0x00000000f5d80000)
 ParOldGen       total 31232K, used 14998K [0x00000000c1200000, 0x00000000c3080000, 0x00000000eb100000)
  object space 31232K, 48% used [0x00000000c1200000,0x00000000c20a5838,0x00000000c3080000)
 Metaspace       used 32712K, capacity 34040K, committed 34176K, reserved 1079296K
  class space    used 4186K, capacity 4457K, committed 4480K, reserved 1048576K
}
Event: 39.105 GC heap before
{Heap before GC invocations=15 (full 1):
 PSYoungGen      total 129536K, used 96584K [0x00000000eb100000, 0x00000000f5d80000, 0x0000000100000000)
  eden space 125952K, 73% used [0x00000000eb100000,0x00000000f0bd6040,0x00000000f2c00000)
  from space 3584K, 99% used [0x00000000f2c00000,0x00000000f2f7c010,0x00000000f2f80000)
  to   space 6144K, 0% used [0x00000000f5780000,0x00000000f5780000,0x00000000f5d80000)
 ParOldGen       total 31232K, used 14998K [0x00000000c1200000, 0x00000000c3080000, 0x00000000eb100000)
  object space 31232K, 48% used [0x00000000c1200000,0x00000000c20a5838,0x00000000c3080000)
 Metaspace       used 33881K, capacity 35332K, committed 35416K, reserved 1079296K
  class space    used 4334K, capacity 4613K, committed 4696K, reserved 1048576K
Event: 39.211 GC heap after
Heap after GC invocations=15 (full 1):
 PSYoungGen      total 170496K, used 2144K [0x00000000eb100000, 0x00000000f5d00000, 0x0000000100000000)
  eden space 164864K, 0% used [0x00000000eb100000,0x00000000eb100000,0x00000000f5200000)
  from space 5632K, 38% used [0x00000000f5780000,0x00000000f5998000,0x00000000f5d00000)
  to   space 5632K, 0% used [0x00000000f5200000,0x00000000f5200000,0x00000000f5780000)
 ParOldGen       total 31232K, used 18490K [0x00000000c1200000, 0x00000000c3080000, 0x00000000eb100000)
  object space 31232K, 59% used [0x00000000c1200000,0x00000000c240e888,0x00000000c3080000)
 Metaspace       used 33881K, capacity 35332K, committed 35416K, reserved 1079296K
  class space    used 4334K, capacity 4613K, committed 4696K, reserved 1048576K
}
Event: 39.211 GC heap before
{Heap before GC invocations=16 (full 2):
 PSYoungGen      total 170496K, used 2144K [0x00000000eb100000, 0x00000000f5d00000, 0x0000000100000000)
  eden space 164864K, 0% used [0x00000000eb100000,0x00000000eb100000,0x00000000f5200000)
  from space 5632K, 38% used [0x00000000f5780000,0x00000000f5998000,0x00000000f5d00000)
  to   space 5632K, 0% used [0x00000000f5200000,0x00000000f5200000,0x00000000f5780000)
 ParOldGen       total 31232K, used 18490K [0x00000000c1200000, 0x00000000c3080000, 0x00000000eb100000)
  object space 31232K, 59% used [0x00000000c1200000,0x00000000c240e888,0x00000000c3080000)
 Metaspace       used 33881K, capacity 35332K, committed 35416K, reserved 1079296K
  class space    used 4334K, capacity 4613K, committed 4696K, reserved 1048576K
Event: 39.813 GC heap after
Heap after GC invocations=16 (full 2):
 PSYoungGen      total 170496K, used 0K [0x00000000eb100000, 0x00000000f5d00000, 0x0000000100000000)
  eden space 164864K, 0% used [0x00000000eb100000,0x00000000eb100000,0x00000000f5200000)
  from space 5632K, 0% used [0x00000000f5780000,0x00000000f5780000,0x00000000f5d00000)
  to   space 5632K, 0% used [0x00000000f5200000,0x00000000f5200000,0x00000000f5780000)
 ParOldGen       total 64512K, used 19325K [0x00000000c1200000, 0x00000000c5100000, 0x00000000eb100000)
  object space 64512K, 29% used [0x00000000c1200000,0x00000000c24df448,0x00000000c5100000)
 Metaspace       used 33881K, capacity 35332K, committed 35416K, reserved 1079296K
  class space    used 4334K, capacity 4613K, committed 4696K, reserved 1048576K
}

